1659061238.295979:DEBUG:Select Interface Function.
1659061238.296331:DEBUG:eth0
1659061238.301128:DEBUG:b'flags=4099<UP,BROADCAST,MULTICAST>\n'
2022-08-03 18:36:08,379:DEBUG:Starting LST...
2022-08-03 18:37:02,942:DEBUG:Open Network Toolbox Window.
2022-08-03 18:37:17,378:DEBUG:Starting LST...
2022-08-03 18:42:06,284:DEBUG:Starting LST...
2022-08-03 18:42:39,220:DEBUG:Starting LST...
2022-08-03 18:42:54,387:DEBUG:Starting LST...
2022-08-03 18:45:25,024:DEBUG:Linux System Toolbox 0.1b
1659567942.294094:DEBUG:Select Interface Function.
1659567942.294298:DEBUG:eth0
1659567942.299683:DEBUG:UP

1659567942.299995:INFO:Interface UP
1659567942.341645:DEBUG:getdnsservers function.
1659567942.350047:DEBUG:PY_VAR4
1659567942.493418:DEBUG:eth0
1659567942.493586:DEBUG:PY_VAR1
1659567942.493701:DEBUG:00:1c:42:9d:8c:46

1659567942.493770:DEBUG:1500

1659567942.493826:DEBUG:10.211.55.15

1659567942.493878:DEBUG:255.255.255.0

1659567942.493912:DEBUG:prl-local-ns-se

1659567942.493943:DEBUG:10.211.55.255

1659567942.494004:DEBUG:StingrayAlpha

1659567942.494116:DEBUG:localdomain

1659567942.494202:DEBUG:117195

1659567942.494288:DEBUG:49123656

1659567942.494341:DEBUG:(46.8

1659567942.494406:DEBUG:
1659567942.494450:DEBUG:
1659567942.494513:DEBUG:
1659567942.494557:DEBUG:
1659567942.494620:DEBUG:91194

1659567942.494668:DEBUG:15764117

1659567942.494747:DEBUG:(15.0

1659567942.494793:DEBUG:0

1659567942.494838:DEBUG:0

1659567942.494880:DEBUG:0

1659567942.494944:DEBUG:0

1659567942.494985:DEBUG:0

1659567993.962114:DEBUG:Select Interface Function.
1659567993.962328:DEBUG:eth1
1659567993.967068:DEBUG:DOWN

1659567993.967385:INFO:Interface DOWN
1659568012.088264:DEBUG:getdnsservers function.
1659568012.093260:DEBUG:PY_VAR4
1659568012.171692:DEBUG:eth1
1659568012.171800:DEBUG:PY_VAR1
1659568012.171843:DEBUG:00:1c:42:1d:9f:03

1659568012.171879:DEBUG:1500

1659568012.171913:DEBUG:
1659568012.171946:DEBUG:
1659568012.171979:DEBUG:10.211.55.1

1659568012.172013:DEBUG:
1659568012.172046:DEBUG:StingrayAlpha

1659568012.172079:DEBUG:localdomain

1659568012.172113:DEBUG:364483

1659568012.172317:DEBUG:56574910

1659568012.172447:DEBUG:(53.9

1659568012.172483:DEBUG:
1659568012.172529:DEBUG:
1659568012.172582:DEBUG:
1659568012.172612:DEBUG:
1659568012.172676:DEBUG:0

1659568012.172728:DEBUG:0

1659568012.172764:DEBUG:(0.0

1659568012.172798:DEBUG:0

1659568012.172833:DEBUG:0

1659568012.172868:DEBUG:0

1659568012.172902:DEBUG:0

1659568012.173023:DEBUG:0

1659568016.494918:DEBUG:Select Interface Function.
1659568016.495108:DEBUG:eth0
1659568016.500182:DEBUG:UP

1659568016.500376:INFO:Interface UP
1659568026.325397:DEBUG:getdnsservers function.
1659568026.328631:DEBUG:PY_VAR5
1659568026.411283:DEBUG:eth0
1659568026.411550:DEBUG:PY_VAR1
1659568026.411656:DEBUG:00:1c:42:9d:8c:46

1659568026.411712:DEBUG:1500

1659568026.411804:DEBUG:10.211.55.15

1659568026.411854:DEBUG:255.255.255.0

1659568026.411906:DEBUG:10.211.55.1

1659568026.411969:DEBUG:10.211.55.255

1659568026.412037:DEBUG:StingrayAlpha

1659568026.412084:DEBUG:localdomain

1659568026.412151:DEBUG:117270

1659568026.412223:DEBUG:49130250

1659568026.412290:DEBUG:(46.8

1659568026.412360:DEBUG:
1659568026.412432:DEBUG:
1659568026.412509:DEBUG:
1659568026.412556:DEBUG:
1659568026.412604:DEBUG:91270

1659568026.412667:DEBUG:15774963

1659568026.412773:DEBUG:(15.0

1659568026.412827:DEBUG:0

1659568026.412871:DEBUG:0

1659568026.412913:DEBUG:0

1659568026.412978:DEBUG:0

1659568026.413023:DEBUG:0

1659568034.362154:DEBUG:Select Interface Function.
1659568034.362425:DEBUG:eth1
1659568034.368623:DEBUG:DOWN

1659568034.370152:INFO:Interface DOWN
1659568045.941471:DEBUG:getdnsservers function.
1659568045.945262:DEBUG:PY_VAR6
1659568046.022559:DEBUG:eth1
1659568046.022714:DEBUG:PY_VAR1
1659568046.022777:DEBUG:00:1c:42:1d:9f:03

1659568046.022842:DEBUG:1500

1659568046.022891:DEBUG:
1659568046.022930:DEBUG:
1659568046.023005:DEBUG:10.211.55.1

1659568046.023048:DEBUG:
1659568046.023109:DEBUG:StingrayAlpha

1659568046.023152:DEBUG:localdomain

1659568046.023212:DEBUG:364576

1659568046.023277:DEBUG:56581494

1659568046.023334:DEBUG:(53.9

1659568046.023395:DEBUG:
1659568046.023436:DEBUG:
1659568046.023495:DEBUG:
1659568046.023537:DEBUG:
1659568046.023604:DEBUG:0

1659568046.023646:DEBUG:0

1659568046.023684:DEBUG:(0.0

1659568046.023743:DEBUG:0

1659568046.023785:DEBUG:0

1659568046.023844:DEBUG:0

1659568046.023922:DEBUG:0

1659568046.023988:DEBUG:0

2022-08-06 21:42:01,816:DEBUG:Open Network Toolbox Window.
2022-08-06 21:55:11,486:DEBUG:Open Network Toolbox Window.
2022-08-06 21:55:41,656:DEBUG:Open Network Toolbox Window.
2022-08-06 21:55:50,725:DEBUG:Open Network Toolbox Window.
2022-08-06 22:30:59,336:DEBUG:Open Network Toolbox Window.
2022-08-06 23:09:07,376:DEBUG:Open Network Toolbox Window.
2022-08-06 23:09:07,396:DEBUG:Open Network Toolbox Window.
2022-08-06 23:10:23,065:DEBUG:Open Network Toolbox Window.
2022-08-06 23:11:15,514:DEBUG:Open Network Toolbox Window.
2022-08-06 23:12:44,222:DEBUG:Open Network Toolbox Window.
2022-08-06 23:13:44,896:DEBUG:Open Network Toolbox Window.
2022-08-06 23:15:50,487:DEBUG:Open Network Toolbox Window.
2022-08-09 20:21:04,280:DEBUG:Starting LST...
2022-08-09 20:21:11,909:DEBUG:Open Network Toolbox Window.
2022-08-09 20:22:17,239:DEBUG:Starting LST...
2022-08-09 20:22:21,408:DEBUG:Open Network Toolbox Window.
2022-08-09 20:24:58,544:DEBUG:Starting LST...
2022-08-09 20:25:05,648:DEBUG:Open Network Toolbox Window.
2022-08-09 20:25:14,414:DEBUG:Open System Reports Window.
2022-08-09 20:25:24,415:DEBUG:Open Help Window.
2022-08-09 20:25:28,381:DEBUG:Linux System Toolbox 0.1b3
2022-08-09 20:36:14,031:DEBUG:Starting LST...
2022-08-09 20:36:21,698:DEBUG:Open Network Toolbox Window.
2022-08-09 20:36:26,420:DEBUG:Open System Reports Window.
2022-08-09 20:36:33,199:DEBUG:Open Help Window.
2022-08-09 20:36:36,966:DEBUG:Linux System Toolbox 0.1b4
2022-08-09 20:42:02,799:DEBUG:Starting LST...
2022-08-09 20:42:11,971:DEBUG:Linux System Toolbox 0.1b4
2022-08-09 20:43:22,771:DEBUG:Starting LST...
2022-08-09 20:43:27,106:DEBUG:Open About Window.
2022-08-09 20:43:31,038:DEBUG:Open Help Window.
2022-08-09 21:23:12,877:DEBUG:Starting LST...
2022-08-09 21:23:18,155:INFO:Select Interface Function.
2022-08-09 21:23:18,155:DEBUG:eth0
2022-08-09 21:23:18,163:INFO:Interface UP
2022-08-09 21:23:18,164:DEBUG:getmacaddr function.
2022-08-09 21:23:18,171:DEBUG:00:1c:42:9d:8c:46

2022-08-09 21:23:18,171:DEBUG:getmtu function.
2022-08-09 21:23:18,177:DEBUG:1500

2022-08-09 21:23:18,178:DEBUG:getipaddr function.
2022-08-09 21:23:18,187:DEBUG:10.0.1.11

2022-08-09 21:23:18,187:DEBUG:getsubmask function.
2022-08-09 21:23:18,194:DEBUG:255.255.255.0

2022-08-09 21:23:18,194:DEBUG:getdefgw function.
2022-08-09 21:23:18,199:DEBUG:255.255.255.0

2022-08-09 21:23:18,199:DEBUG:getbcastaddr function.
2022-08-09 21:23:18,204:DEBUG:10.0.1.255

2022-08-09 21:23:18,204:DEBUG:getdnsserveraddr function.
2022-08-09 21:23:18,209:DEBUG:10.0.1.1

2022-08-09 21:23:18,209:DEBUG:gethostname function.
2022-08-09 21:23:18,214:DEBUG:StingrayAlpha

2022-08-09 21:23:18,214:DEBUG:getdomainname function.
2022-08-09 21:23:18,219:DEBUG:tampabay.rr.com

2022-08-09 21:23:18,295:DEBUG:Get route table.
2022-08-09 21:25:06,386:DEBUG:Starting LST...
2022-08-09 21:25:12,690:INFO:Select Interface Function.
2022-08-09 21:25:12,690:DEBUG:eth0
2022-08-09 21:25:12,695:INFO:Interface UP
2022-08-09 21:25:12,695:DEBUG:getmacaddr function.
2022-08-09 21:25:12,700:DEBUG:00:1c:42:9d:8c:46

2022-08-09 21:25:12,700:DEBUG:getmtu function.
2022-08-09 21:25:12,707:DEBUG:1500

2022-08-09 21:25:12,707:DEBUG:getipaddr function.
2022-08-09 21:25:12,718:DEBUG:10.0.1.11

2022-08-09 21:25:12,718:DEBUG:getsubmask function.
2022-08-09 21:25:12,723:DEBUG:255.255.255.0

2022-08-09 21:25:12,724:DEBUG:getdefgw function.
2022-08-09 21:25:12,728:DEBUG:255.255.255.0

2022-08-09 21:25:12,729:DEBUG:getbcastaddr function.
2022-08-09 21:25:12,735:DEBUG:10.0.1.255

2022-08-09 21:25:12,735:DEBUG:getdnsserveraddr function.
2022-08-09 21:25:12,743:DEBUG:10.0.1.1

2022-08-09 21:25:12,743:DEBUG:gethostname function.
2022-08-09 21:25:12,747:DEBUG:StingrayAlpha

2022-08-09 21:25:12,747:DEBUG:getdomainname function.
2022-08-09 21:25:12,755:DEBUG:tampabay.rr.com

2022-08-09 21:25:12,873:DEBUG:Get route table.
2022-08-09 23:46:14,347:DEBUG:Starting LST...
2022-08-09 23:46:21,913:INFO:Select Interface Function.
2022-08-09 23:46:21,913:DEBUG:eth0
2022-08-09 23:46:21,918:INFO:Interface UP
2022-08-09 23:46:21,918:DEBUG:getmacaddr function.
2022-08-09 23:46:21,923:DEBUG:00:1c:42:9d:8c:46

2022-08-09 23:46:21,924:DEBUG:getmtu function.
2022-08-09 23:46:21,928:DEBUG:1500

2022-08-09 23:46:21,929:DEBUG:getipaddr function.
2022-08-09 23:46:21,935:DEBUG:10.0.1.11

2022-08-09 23:46:21,935:DEBUG:getsubmask function.
2022-08-09 23:46:21,941:DEBUG:255.255.255.0

2022-08-09 23:46:21,941:DEBUG:getdefgw function.
2022-08-09 23:46:21,946:DEBUG:255.255.255.0

2022-08-09 23:46:21,946:DEBUG:getbcastaddr function.
2022-08-09 23:46:21,954:DEBUG:10.0.1.255

2022-08-09 23:46:21,954:DEBUG:getdnsserveraddr function.
2022-08-09 23:46:21,960:DEBUG:10.0.1.1

2022-08-09 23:46:21,960:DEBUG:gethostname function.
2022-08-09 23:46:21,964:DEBUG:StingrayAlpha

2022-08-09 23:46:21,964:DEBUG:getdomainname function.
2022-08-09 23:46:21,975:DEBUG:tampabay.rr.com

2022-08-09 23:46:22,054:DEBUG:Get route table.
2022-08-09 23:46:54,748:DEBUG:Starting LST...
2022-08-09 23:47:48,216:INFO:Select Interface Function.
2022-08-09 23:47:48,216:DEBUG:eth1
2022-08-09 23:47:48,221:INFO:Interface DOWN
2022-08-09 23:47:48,222:DEBUG:getmacaddr function.
2022-08-09 23:47:48,230:DEBUG:00:1c:42:1d:9f:03

2022-08-09 23:47:48,231:DEBUG:getmtu function.
2022-08-09 23:47:48,239:DEBUG:1500

2022-08-09 23:47:48,239:DEBUG:getipaddr function.
2022-08-09 23:47:48,250:DEBUG:
2022-08-09 23:47:48,250:DEBUG:getsubmask function.
2022-08-09 23:47:48,257:DEBUG:
2022-08-09 23:47:48,257:DEBUG:getdefgw function.
2022-08-09 23:47:48,262:DEBUG:
2022-08-09 23:47:48,262:DEBUG:getbcastaddr function.
2022-08-09 23:47:48,267:DEBUG:
2022-08-09 23:47:48,267:DEBUG:getdnsserveraddr function.
2022-08-09 23:47:48,276:DEBUG:10.0.1.1

2022-08-09 23:47:48,276:DEBUG:gethostname function.
2022-08-09 23:47:48,279:DEBUG:StingrayAlpha

2022-08-09 23:47:48,279:DEBUG:getdomainname function.
2022-08-09 23:47:48,284:DEBUG:tampabay.rr.com

2022-08-09 23:47:48,376:DEBUG:Get route table.
2022-08-09 23:47:52,748:INFO:Select Interface Function.
2022-08-09 23:47:52,749:DEBUG:eth0
2022-08-09 23:47:52,755:INFO:Interface UP
2022-08-09 23:47:52,756:DEBUG:getmacaddr function.
2022-08-09 23:47:52,761:DEBUG:00:1c:42:9d:8c:46

2022-08-09 23:47:52,761:DEBUG:getmtu function.
2022-08-09 23:47:52,768:DEBUG:1500

2022-08-09 23:47:52,769:DEBUG:getipaddr function.
2022-08-09 23:47:52,781:DEBUG:10.0.1.11

2022-08-09 23:47:52,781:DEBUG:getsubmask function.
2022-08-09 23:47:52,791:DEBUG:255.255.255.0

2022-08-09 23:47:52,791:DEBUG:getdefgw function.
2022-08-09 23:47:52,806:DEBUG:255.255.255.0

2022-08-09 23:47:52,807:DEBUG:getbcastaddr function.
2022-08-09 23:47:52,822:DEBUG:10.0.1.255

2022-08-09 23:47:52,823:DEBUG:getdnsserveraddr function.
2022-08-09 23:47:52,841:DEBUG:10.0.1.1

2022-08-09 23:47:52,842:DEBUG:gethostname function.
2022-08-09 23:47:52,855:DEBUG:StingrayAlpha

2022-08-09 23:47:52,855:DEBUG:getdomainname function.
2022-08-09 23:47:52,862:DEBUG:tampabay.rr.com

2022-08-09 23:47:52,966:DEBUG:Get route table.
2022-08-09 23:54:03,279:DEBUG:Starting LST...
2022-08-09 23:54:59,130:DEBUG:Starting LST...
2022-08-09 23:55:54,619:DEBUG:Starting LST...
2022-08-10 00:03:15,483:DEBUG:Starting LST...
2022-08-10 00:04:47,912:DEBUG:Starting LST...
2022-08-10 00:04:51,110:DEBUG:spawnproc function.
2022-08-10 00:05:06,711:DEBUG:Open Network Toolbox Window.
2022-08-10 00:10:22,661:DEBUG:Starting LST...
2022-08-10 00:10:26,153:DEBUG:spawnproc function.
2022-08-10 00:18:45,383:DEBUG:Starting LST...
2022-08-10 00:24:25,851:DEBUG:Starting LST...
2022-08-10 00:24:40,678:DEBUG:newuser function.
2022-08-10 00:24:42,611:DEBUG:disableuser function.
2022-08-10 00:24:44,612:DEBUG:deluser function.
2022-08-10 00:24:48,312:DEBUG:newuser function.
2022-08-10 00:24:48,878:DEBUG:disableuser function.
2022-08-10 00:24:49,478:DEBUG:deluser function.
2022-08-10 00:26:44,993:DEBUG:Starting LST...
2022-08-10 00:26:51,849:DEBUG:spawnproc function.
2022-08-10 00:26:57,515:DEBUG:enablesvc function.
2022-08-10 00:27:00,015:DEBUG:disablesvc function.
2022-08-10 00:27:01,315:DEBUG:startsvc function.
2022-08-10 00:27:02,715:DEBUG:stopsvc function.
2022-08-10 00:27:04,649:DEBUG:newuser function.
2022-08-10 00:27:05,817:DEBUG:disableuser function.
2022-08-10 00:27:06,517:DEBUG:deluser function.
2022-08-10 00:27:11,282:INFO:DHCP Release
2022-08-10 00:27:14,516:INFO:DHCP Renew
2022-08-10 00:27:18,149:DEBUG:Open Network Toolbox Window.
2022-08-10 00:27:35,217:INFO:Select Interface Function.
2022-08-10 00:27:35,217:DEBUG:eth0
2022-08-10 00:27:35,223:INFO:Interface UP
2022-08-10 00:27:35,224:DEBUG:getmacaddr function.
2022-08-10 00:27:35,231:DEBUG:00:1c:42:9d:8c:46

2022-08-10 00:27:35,231:DEBUG:getmtu function.
2022-08-10 00:27:35,238:DEBUG:1500

2022-08-10 00:27:35,238:DEBUG:getipaddr function.
2022-08-10 00:27:35,245:DEBUG:10.0.1.11

2022-08-10 00:27:35,245:DEBUG:getsubmask function.
2022-08-10 00:27:35,252:DEBUG:255.255.255.0

2022-08-10 00:27:35,252:DEBUG:getdefgw function.
2022-08-10 00:27:35,258:DEBUG:255.255.255.0

2022-08-10 00:27:35,258:DEBUG:getbcastaddr function.
2022-08-10 00:27:35,266:DEBUG:10.0.1.255

2022-08-10 00:27:35,266:DEBUG:getdnsserveraddr function.
2022-08-10 00:27:35,271:DEBUG:10.0.1.1

2022-08-10 00:27:35,271:DEBUG:gethostname function.
2022-08-10 00:27:35,276:DEBUG:StingrayAlpha

2022-08-10 00:27:35,276:DEBUG:getdomainname function.
2022-08-10 00:27:35,285:DEBUG:tampabay.rr.com

2022-08-10 00:27:35,356:DEBUG:Get route table.
2022-08-10 00:35:34,325:DEBUG:Starting LST...
2022-08-10 00:35:38,664:DEBUG:spawnproc function.
2022-08-10 14:30:30,255:DEBUG:Starting LST...
2022-08-10 14:30:53,240:DEBUG:Open Network Toolbox Window.
2022-08-10 14:33:59,777:INFO:Select Interface Function.
2022-08-10 14:33:59,778:DEBUG:eth0
2022-08-10 14:33:59,784:INFO:Interface UP
2022-08-10 14:33:59,784:DEBUG:getmacaddr function.
2022-08-10 14:33:59,790:DEBUG:00:1c:42:9d:8c:46

2022-08-10 14:33:59,791:DEBUG:getmtu function.
2022-08-10 14:33:59,795:DEBUG:1500

2022-08-10 14:33:59,795:DEBUG:getipaddr function.
2022-08-10 14:33:59,802:DEBUG:10.0.1.11

2022-08-10 14:33:59,803:DEBUG:getsubmask function.
2022-08-10 14:33:59,809:DEBUG:255.255.255.0

2022-08-10 14:33:59,809:DEBUG:getdefgw function.
2022-08-10 14:33:59,815:DEBUG:255.255.255.0

2022-08-10 14:33:59,815:DEBUG:getbcastaddr function.
2022-08-10 14:33:59,820:DEBUG:10.0.1.255

2022-08-10 14:33:59,820:DEBUG:getdnsserveraddr function.
2022-08-10 14:33:59,827:DEBUG:10.0.1.1

2022-08-10 14:33:59,828:DEBUG:gethostname function.
2022-08-10 14:33:59,832:DEBUG:StingrayAlpha

2022-08-10 14:33:59,832:DEBUG:getdomainname function.
2022-08-10 14:33:59,839:DEBUG:tampabay.rr.com

2022-08-10 14:33:59,976:DEBUG:Get route table.
2022-08-10 14:38:58,721:INFO:Select Interface Function.
2022-08-10 14:38:58,721:DEBUG:eth0
2022-08-10 14:38:58,726:INFO:Interface UP
2022-08-10 14:38:58,726:DEBUG:getmacaddr function.
2022-08-10 14:38:58,732:DEBUG:00:1c:42:9d:8c:46

2022-08-10 14:38:58,732:DEBUG:getmtu function.
2022-08-10 14:38:58,738:DEBUG:1500

2022-08-10 14:38:58,739:DEBUG:getipaddr function.
2022-08-10 14:38:58,744:DEBUG:10.0.1.11

2022-08-10 14:38:58,745:DEBUG:getsubmask function.
2022-08-10 14:38:58,755:DEBUG:255.255.255.0

2022-08-10 14:38:58,756:DEBUG:getdefgw function.
2022-08-10 14:38:58,762:DEBUG:255.255.255.0

2022-08-10 14:38:58,763:DEBUG:getbcastaddr function.
2022-08-10 14:38:58,770:DEBUG:10.0.1.255

2022-08-10 14:38:58,770:DEBUG:getdnsserveraddr function.
2022-08-10 14:38:58,776:DEBUG:10.0.1.1

2022-08-10 14:38:58,776:DEBUG:gethostname function.
2022-08-10 14:38:58,782:DEBUG:StingrayAlpha

2022-08-10 14:38:58,782:DEBUG:getdomainname function.
2022-08-10 14:38:58,794:DEBUG:tampabay.rr.com

2022-08-10 14:38:58,945:DEBUG:Get route table.
2022-08-10 14:39:01,655:INFO:Select Interface Function.
2022-08-10 14:39:01,655:DEBUG:eth0
2022-08-10 14:39:01,659:INFO:Interface UP
2022-08-10 14:39:01,660:DEBUG:getmacaddr function.
2022-08-10 14:39:01,666:DEBUG:00:1c:42:9d:8c:46

2022-08-10 14:39:01,666:DEBUG:getmtu function.
2022-08-10 14:39:01,673:DEBUG:1500

2022-08-10 14:39:01,673:DEBUG:getipaddr function.
2022-08-10 14:39:01,681:DEBUG:10.0.1.11

2022-08-10 14:39:01,682:DEBUG:getsubmask function.
2022-08-10 14:39:01,689:DEBUG:255.255.255.0

2022-08-10 14:39:01,689:DEBUG:getdefgw function.
2022-08-10 14:39:01,696:DEBUG:255.255.255.0

2022-08-10 14:39:01,696:DEBUG:getbcastaddr function.
2022-08-10 14:39:01,705:DEBUG:10.0.1.255

2022-08-10 14:39:01,705:DEBUG:getdnsserveraddr function.
2022-08-10 14:39:01,711:DEBUG:10.0.1.1

2022-08-10 14:39:01,711:DEBUG:gethostname function.
2022-08-10 14:39:01,714:DEBUG:StingrayAlpha

2022-08-10 14:39:01,715:DEBUG:getdomainname function.
2022-08-10 14:39:01,723:DEBUG:tampabay.rr.com

2022-08-10 14:39:01,830:DEBUG:Get route table.
2022-08-10 14:57:39,268:DEBUG:Starting LST...
2022-08-10 14:57:45,910:INFO:refreshintstats function.
2022-08-10 14:57:47,643:INFO:refreshintstats function.
2022-08-10 15:01:22,653:DEBUG:Starting LST...
2022-08-10 15:01:39,589:INFO:Select Interface Function.
2022-08-10 15:01:39,589:DEBUG:eth0
2022-08-10 15:01:39,594:INFO:Interface UP
2022-08-10 15:01:39,595:DEBUG:getmacaddr function.
2022-08-10 15:01:39,600:DEBUG:00:1c:42:9d:8c:46

2022-08-10 15:01:39,601:DEBUG:getmtu function.
2022-08-10 15:01:39,606:DEBUG:1500

2022-08-10 15:01:39,606:DEBUG:getipaddr function.
2022-08-10 15:01:39,612:DEBUG:10.0.1.11

2022-08-10 15:01:39,612:DEBUG:getsubmask function.
2022-08-10 15:01:39,617:DEBUG:255.255.255.0

2022-08-10 15:01:39,618:DEBUG:getdefgw function.
2022-08-10 15:01:39,624:DEBUG:255.255.255.0

2022-08-10 15:01:39,624:DEBUG:getbcastaddr function.
2022-08-10 15:01:39,634:DEBUG:10.0.1.255

2022-08-10 15:01:39,634:DEBUG:getdnsserveraddr function.
2022-08-10 15:01:39,644:DEBUG:10.0.1.1

2022-08-10 15:01:39,644:DEBUG:gethostname function.
2022-08-10 15:01:39,647:DEBUG:StingrayAlpha

2022-08-10 15:01:39,647:DEBUG:getdomainname function.
2022-08-10 15:01:39,652:DEBUG:tampabay.rr.com

2022-08-10 15:01:39,776:DEBUG:Get route table.
2022-08-10 15:04:29,928:DEBUG:Starting LST...
2022-08-10 15:04:35,767:INFO:Select Interface Function.
2022-08-10 15:04:35,767:DEBUG:eth0
2022-08-10 15:04:35,772:INFO:Interface UP
2022-08-10 15:04:35,772:DEBUG:getmacaddr function.
2022-08-10 15:04:35,776:DEBUG:00:1c:42:9d:8c:46

2022-08-10 15:04:35,776:DEBUG:getmtu function.
2022-08-10 15:04:35,781:DEBUG:1500

2022-08-10 15:04:35,782:DEBUG:getipaddr function.
2022-08-10 15:04:35,788:DEBUG:10.0.1.11

2022-08-10 15:04:35,788:DEBUG:getsubmask function.
2022-08-10 15:04:35,797:DEBUG:255.255.255.0

2022-08-10 15:04:35,797:DEBUG:getdefgw function.
2022-08-10 15:04:35,805:DEBUG:255.255.255.0

2022-08-10 15:04:35,805:DEBUG:getbcastaddr function.
2022-08-10 15:04:35,810:DEBUG:10.0.1.255

2022-08-10 15:04:35,811:DEBUG:getdnsserveraddr function.
2022-08-10 15:04:35,820:DEBUG:10.0.1.1

2022-08-10 15:04:35,820:DEBUG:gethostname function.
2022-08-10 15:04:35,824:DEBUG:StingrayAlpha

2022-08-10 15:04:35,824:DEBUG:getdomainname function.
2022-08-10 15:04:35,833:DEBUG:tampabay.rr.com

2022-08-10 15:04:35,942:DEBUG:Get route table.
2022-08-10 15:07:32,241:INFO:refreshintstats function.
2022-08-10 15:17:27,445:DEBUG:Starting LST...
2022-08-10 15:17:34,607:INFO:Select Interface Function.
2022-08-10 15:17:34,608:DEBUG:eth0
2022-08-10 15:17:34,612:INFO:Interface UP
2022-08-10 15:17:34,612:DEBUG:getmacaddr function.
2022-08-10 15:17:34,617:DEBUG:00:1c:42:9d:8c:46

2022-08-10 15:17:34,617:DEBUG:getmtu function.
2022-08-10 15:17:34,621:DEBUG:1500

2022-08-10 15:17:34,622:DEBUG:getipaddr function.
2022-08-10 15:17:34,630:DEBUG:10.0.1.11

2022-08-10 15:17:34,630:DEBUG:getsubmask function.
2022-08-10 15:17:34,638:DEBUG:255.255.255.0

2022-08-10 15:17:34,638:DEBUG:getdefgw function.
2022-08-10 15:17:34,645:DEBUG:255.255.255.0

2022-08-10 15:17:34,645:DEBUG:getbcastaddr function.
2022-08-10 15:17:34,652:DEBUG:10.0.1.255

2022-08-10 15:17:34,652:DEBUG:getdnsserveraddr function.
2022-08-10 15:17:34,663:DEBUG:10.0.1.1

2022-08-10 15:17:34,663:DEBUG:gethostname function.
2022-08-10 15:17:34,667:DEBUG:StingrayAlpha

2022-08-10 15:17:34,667:DEBUG:getdomainname function.
2022-08-10 15:17:34,674:DEBUG:tampabay.rr.com

2022-08-10 15:17:34,759:DEBUG:Get route table.
2022-08-10 15:17:36,841:INFO:refreshintstats function.
2022-08-10 15:17:36,841:DEBUG:eth0
2022-08-10 15:28:18,509:DEBUG:Starting LST...
2022-08-10 15:28:26,310:INFO:Select Interface Function.
2022-08-10 15:28:26,310:DEBUG:eth0
2022-08-10 15:28:26,315:INFO:Interface UP
2022-08-10 15:28:26,315:DEBUG:getmacaddr function.
2022-08-10 15:28:26,320:DEBUG:00:1c:42:9d:8c:46

2022-08-10 15:28:26,322:DEBUG:getmtu function.
2022-08-10 15:28:26,327:DEBUG:1500

2022-08-10 15:28:26,328:DEBUG:getipaddr function.
2022-08-10 15:28:26,333:DEBUG:10.0.1.11

2022-08-10 15:28:26,333:DEBUG:getsubmask function.
2022-08-10 15:28:26,339:DEBUG:255.255.255.0

2022-08-10 15:28:26,339:DEBUG:getdefgw function.
2022-08-10 15:28:26,344:DEBUG:255.255.255.0

2022-08-10 15:28:26,345:DEBUG:getbcastaddr function.
2022-08-10 15:28:26,351:DEBUG:10.0.1.255

2022-08-10 15:28:26,351:DEBUG:getdnsserveraddr function.
2022-08-10 15:28:26,356:DEBUG:10.0.1.1

2022-08-10 15:28:26,356:DEBUG:gethostname function.
2022-08-10 15:28:26,359:DEBUG:StingrayAlpha

2022-08-10 15:28:26,359:DEBUG:getdomainname function.
2022-08-10 15:28:26,364:DEBUG:tampabay.rr.com

2022-08-10 15:28:26,438:DEBUG:Get route table.
2022-08-10 15:28:28,076:INFO:refreshintstats function.
2022-08-10 15:28:28,076:DEBUG:eth0
2022-08-10 15:28:29,609:INFO:refreshintstats function.
2022-08-10 15:28:29,609:DEBUG:eth0
2022-08-10 15:28:30,676:INFO:refreshintstats function.
2022-08-10 15:28:30,676:DEBUG:eth0
2022-08-10 15:28:33,010:INFO:refreshintstats function.
2022-08-10 15:28:33,010:DEBUG:eth0
2022-08-10 15:33:39,529:DEBUG:Starting LST...
2022-08-10 15:33:53,626:INFO:Select Interface Function.
2022-08-10 15:33:53,626:DEBUG:eth0
2022-08-10 15:33:53,632:INFO:Interface UP
2022-08-10 15:33:53,632:DEBUG:getmacaddr function.
2022-08-10 15:33:53,638:DEBUG:00:1c:42:9d:8c:46

2022-08-10 15:33:53,638:DEBUG:getmtu function.
2022-08-10 15:33:53,644:DEBUG:1500

2022-08-10 15:33:53,644:DEBUG:getipaddr function.
2022-08-10 15:33:53,649:DEBUG:10.0.1.11

2022-08-10 15:33:53,650:DEBUG:getsubmask function.
2022-08-10 15:33:53,656:DEBUG:255.255.255.0

2022-08-10 15:33:53,656:DEBUG:getdefgw function.
2022-08-10 15:33:53,660:DEBUG:255.255.255.0

2022-08-10 15:33:53,661:DEBUG:getbcastaddr function.
2022-08-10 15:33:53,670:DEBUG:10.0.1.255

2022-08-10 15:33:53,671:DEBUG:getdnsserveraddr function.
2022-08-10 15:33:53,678:DEBUG:10.0.1.1

2022-08-10 15:33:53,678:DEBUG:gethostname function.
2022-08-10 15:33:53,682:DEBUG:StingrayAlpha

2022-08-10 15:33:53,682:DEBUG:getdomainname function.
2022-08-10 15:33:53,691:DEBUG:tampabay.rr.com

2022-08-10 15:33:53,767:DEBUG:Get route table.
2022-08-10 15:37:00,598:DEBUG:Starting LST...
2022-08-10 15:37:06,898:INFO:Select Interface Function.
2022-08-10 15:37:06,899:DEBUG:eth0
2022-08-10 15:37:06,903:INFO:Interface UP
2022-08-10 15:37:06,904:DEBUG:getmacaddr function.
2022-08-10 15:37:06,908:DEBUG:00:1c:42:9d:8c:46

2022-08-10 15:37:06,909:DEBUG:getmtu function.
2022-08-10 15:37:06,914:DEBUG:1500

2022-08-10 15:37:06,915:DEBUG:getipaddr function.
2022-08-10 15:37:06,921:DEBUG:10.0.1.11

2022-08-10 15:37:06,922:DEBUG:getsubmask function.
2022-08-10 15:37:06,927:DEBUG:255.255.255.0

2022-08-10 15:37:06,928:DEBUG:getdefgw function.
2022-08-10 15:37:06,933:DEBUG:255.255.255.0

2022-08-10 15:37:06,934:DEBUG:getbcastaddr function.
2022-08-10 15:37:06,943:DEBUG:10.0.1.255

2022-08-10 15:37:06,943:DEBUG:getdnsserveraddr function.
2022-08-10 15:37:06,948:DEBUG:10.0.1.1

2022-08-10 15:37:06,949:DEBUG:gethostname function.
2022-08-10 15:37:06,951:DEBUG:StingrayAlpha

2022-08-10 15:37:06,951:DEBUG:getdomainname function.
2022-08-10 15:37:06,959:DEBUG:tampabay.rr.com

2022-08-10 15:37:07,061:DEBUG:Get route table.
2022-08-10 15:43:11,776:DEBUG:Starting LST...
2022-08-10 15:43:15,670:INFO:Select Interface Function.
2022-08-10 15:43:15,671:DEBUG:eth0
2022-08-10 15:43:15,675:INFO:Interface UP
2022-08-10 15:43:15,676:DEBUG:getmacaddr function.
2022-08-10 15:43:15,681:DEBUG:00:1c:42:9d:8c:46

2022-08-10 15:43:15,681:DEBUG:getmtu function.
2022-08-10 15:43:15,688:DEBUG:1500

2022-08-10 15:43:15,688:DEBUG:getipaddr function.
2022-08-10 15:43:15,693:DEBUG:10.0.1.11

2022-08-10 15:43:15,694:DEBUG:getsubmask function.
2022-08-10 15:43:15,702:DEBUG:255.255.255.0

2022-08-10 15:43:15,703:DEBUG:getdefgw function.
2022-08-10 15:43:15,708:DEBUG:255.255.255.0

2022-08-10 15:43:15,708:DEBUG:getbcastaddr function.
2022-08-10 15:43:15,714:DEBUG:10.0.1.255

2022-08-10 15:43:15,714:DEBUG:getdnsserveraddr function.
2022-08-10 15:43:15,720:DEBUG:10.0.1.1

2022-08-10 15:43:15,720:DEBUG:gethostname function.
2022-08-10 15:43:15,723:DEBUG:StingrayAlpha

2022-08-10 15:43:15,723:DEBUG:getdomainname function.
2022-08-10 15:43:15,734:DEBUG:tampabay.rr.com

2022-08-10 15:43:15,866:DEBUG:Get route table.
2022-08-10 15:51:19,164:DEBUG:Starting LST...
2022-08-10 15:51:33,761:INFO:Select Interface Function.
2022-08-10 15:51:33,761:DEBUG:eth0
2022-08-10 15:51:33,765:INFO:Interface UP
2022-08-10 15:51:33,766:DEBUG:getmacaddr function.
2022-08-10 15:51:33,771:DEBUG:00:1c:42:9d:8c:46

2022-08-10 15:51:33,771:DEBUG:getmtu function.
2022-08-10 15:51:33,776:DEBUG:1500

2022-08-10 15:51:33,776:DEBUG:getipaddr function.
2022-08-10 15:51:33,786:DEBUG:10.0.1.11

2022-08-10 15:51:33,787:DEBUG:getsubmask function.
2022-08-10 15:51:33,794:DEBUG:255.255.255.0

2022-08-10 15:51:33,794:DEBUG:getdefgw function.
2022-08-10 15:51:33,802:DEBUG:255.255.255.0

2022-08-10 15:51:33,803:DEBUG:getbcastaddr function.
2022-08-10 15:51:33,808:DEBUG:10.0.1.255

2022-08-10 15:51:33,808:DEBUG:getdnsserveraddr function.
2022-08-10 15:51:33,813:DEBUG:10.0.1.1

2022-08-10 15:51:33,813:DEBUG:gethostname function.
2022-08-10 15:51:33,816:DEBUG:StingrayAlpha

2022-08-10 15:51:33,816:DEBUG:getdomainname function.
2022-08-10 15:51:33,829:DEBUG:tampabay.rr.com

2022-08-10 15:51:33,924:DEBUG:Get route table.
2022-08-10 17:22:00,371:DEBUG:Starting LST...
2022-08-10 17:22:04,183:DEBUG:Exiting LST.
2022-08-10 17:29:40,132:DEBUG:Starting LST...
2022-08-10 17:29:46,831:INFO:Select Interface Function.
2022-08-10 17:29:46,831:DEBUG:eth0
2022-08-10 17:29:46,838:INFO:Interface UP
2022-08-10 17:29:46,838:DEBUG:getmacaddr function.
2022-08-10 17:29:46,846:DEBUG:00:1c:42:9d:8c:46
2022-08-10 17:29:46,846:DEBUG:getmtu function.
2022-08-10 17:29:46,853:DEBUG:1500
2022-08-10 17:29:46,853:DEBUG:getipaddr function.
2022-08-10 17:29:46,860:DEBUG:10.0.1.11
2022-08-10 17:29:46,861:DEBUG:getsubmask function.
2022-08-10 17:29:46,869:DEBUG:255.255.255.0
2022-08-10 17:29:46,869:DEBUG:getdefgw function.
2022-08-10 17:29:46,875:DEBUG:255.255.255.0
2022-08-10 17:29:46,875:DEBUG:getbcastaddr function.
2022-08-10 17:29:46,881:DEBUG:10.0.1.255
2022-08-10 17:29:46,881:DEBUG:getdnsserveraddr function.
2022-08-10 17:29:46,886:DEBUG:10.0.1.1
2022-08-10 17:29:46,886:DEBUG:gethostname function.
2022-08-10 17:29:46,889:DEBUG:StingrayAlpha
2022-08-10 17:29:46,890:DEBUG:getdomainname function.
2022-08-10 17:29:46,896:DEBUG:tampabay.rr.com
2022-08-10 17:29:47,021:DEBUG:Get route table.
2022-08-10 17:30:26,399:INFO:Select Interface Function.
2022-08-10 17:30:26,400:DEBUG:eth1
2022-08-10 17:30:26,404:INFO:Interface DOWN
2022-08-10 17:30:26,405:DEBUG:getmacaddr function.
2022-08-10 17:30:26,410:DEBUG:00:1c:42:1d:9f:03
2022-08-10 17:30:26,411:DEBUG:getmtu function.
2022-08-10 17:30:26,416:DEBUG:1500
2022-08-10 17:30:26,416:DEBUG:getipaddr function.
2022-08-10 17:30:26,422:DEBUG:
2022-08-10 17:30:26,423:DEBUG:getsubmask function.
2022-08-10 17:30:26,429:DEBUG:
2022-08-10 17:30:26,429:DEBUG:getdefgw function.
2022-08-10 17:30:26,435:DEBUG:
2022-08-10 17:30:26,435:DEBUG:getbcastaddr function.
2022-08-10 17:30:26,444:DEBUG:
2022-08-10 17:30:26,444:DEBUG:getdnsserveraddr function.
2022-08-10 17:30:26,450:DEBUG:10.0.1.1
2022-08-10 17:30:26,450:DEBUG:gethostname function.
2022-08-10 17:30:26,453:DEBUG:StingrayAlpha
2022-08-10 17:30:26,454:DEBUG:getdomainname function.
2022-08-10 17:30:26,468:DEBUG:tampabay.rr.com
2022-08-10 17:30:26,583:DEBUG:Get route table.
2022-08-10 17:30:29,632:INFO:Select Interface Function.
2022-08-10 17:30:29,632:DEBUG:eth0
2022-08-10 17:30:29,636:INFO:Interface UP
2022-08-10 17:30:29,636:DEBUG:getmacaddr function.
2022-08-10 17:30:29,641:DEBUG:00:1c:42:9d:8c:46
2022-08-10 17:30:29,641:DEBUG:getmtu function.
2022-08-10 17:30:29,647:DEBUG:1500
2022-08-10 17:30:29,647:DEBUG:getipaddr function.
2022-08-10 17:30:29,653:DEBUG:10.0.1.11
2022-08-10 17:30:29,653:DEBUG:getsubmask function.
2022-08-10 17:30:29,660:DEBUG:255.255.255.0
2022-08-10 17:30:29,660:DEBUG:getdefgw function.
2022-08-10 17:30:29,668:DEBUG:255.255.255.0
2022-08-10 17:30:29,668:DEBUG:getbcastaddr function.
2022-08-10 17:30:29,673:DEBUG:10.0.1.255
2022-08-10 17:30:29,673:DEBUG:getdnsserveraddr function.
2022-08-10 17:30:29,680:DEBUG:10.0.1.1
2022-08-10 17:30:29,680:DEBUG:gethostname function.
2022-08-10 17:30:29,684:DEBUG:StingrayAlpha
2022-08-10 17:30:29,684:DEBUG:getdomainname function.
2022-08-10 17:30:29,691:DEBUG:tampabay.rr.com
2022-08-10 17:30:29,820:DEBUG:Get route table.
2022-08-10 17:34:07,039:INFO:Select Interface Function.
2022-08-10 17:34:07,039:DEBUG:eth0
2022-08-10 17:34:07,043:INFO:Interface UP
2022-08-10 17:34:07,044:DEBUG:getmacaddr function.
2022-08-10 17:34:07,049:DEBUG:00:1c:42:9d:8c:46
2022-08-10 17:34:07,049:DEBUG:getmtu function.
2022-08-10 17:34:07,057:DEBUG:1500
2022-08-10 17:34:07,057:DEBUG:getipaddr function.
2022-08-10 17:34:07,063:DEBUG:10.0.1.11
2022-08-10 17:34:07,063:DEBUG:getsubmask function.
2022-08-10 17:34:07,069:DEBUG:255.255.255.0
2022-08-10 17:34:07,070:DEBUG:getdefgw function.
2022-08-10 17:34:07,078:DEBUG:255.255.255.0
2022-08-10 17:34:07,078:DEBUG:getbcastaddr function.
2022-08-10 17:34:07,088:DEBUG:10.0.1.255
2022-08-10 17:34:07,089:DEBUG:getdnsserveraddr function.
2022-08-10 17:34:07,095:DEBUG:10.0.1.1
2022-08-10 17:34:07,095:DEBUG:gethostname function.
2022-08-10 17:34:07,104:DEBUG:StingrayAlpha
2022-08-10 17:34:07,104:DEBUG:getdomainname function.
2022-08-10 17:34:07,111:DEBUG:tampabay.rr.com
2022-08-10 17:34:07,200:DEBUG:Get route table.
